This is pdfTeX, Version 3.14159265-2.6-1.40.18 (TeX Live 2017/Debian) (preloaded format=pdflatex 2020.8.18)  28 MAR 2021 10:36
entering extended mode
 restricted \write18 enabled.
 %&-line parsing enabled.
**main.tex
(./main.tex
LaTeX2e <2017-04-15>
Babel <3.18> and hyphenation patterns for 84 language(s) loaded.
(./ieeeaccess.cls (./IEEEtran.cls
Document Class: IEEEtran 2015/08/26 V1.8b by Michael Shell
-- See the "IEEEtran_HOWTO" manual for usage information.
-- http://www.michaelshell.org/tex/ieeetran/
\@IEEEtrantmpdimenA=\dimen102
\@IEEEtrantmpdimenB=\dimen103
\@IEEEtrantmpdimenC=\dimen104
\@IEEEtrantmpcountA=\count79
\@IEEEtrantmpcountB=\count80
\@IEEEtrantmpcountC=\count81
\@IEEEtrantmptoksA=\toks14
LaTeX Font Info:    Try loading font information for OT1+ptm on input line 503.

(/usr/share/texlive/texmf-dist/tex/latex/psnfss/ot1ptm.fd
File: ot1ptm.fd 2001/06/04 font definitions for OT1/ptm.
)
-- Using 8.5in x 11in (letter) paper.
-- Using PDF output.
\@IEEEnormalsizeunitybaselineskip=\dimen105
-- This is a 10 point document.
\CLASSINFOnormalsizebaselineskip=\dimen106
\CLASSINFOnormalsizeunitybaselineskip=\dimen107
\IEEEnormaljot=\dimen108
LaTeX Font Info:    Font shape `OT1/ptm/bx/n' in size <5> not available
(Font)              Font shape `OT1/ptm/b/n' tried instead on input line 1090.
LaTeX Font Info:    Font shape `OT1/ptm/bx/it' in size <5> not available
(Font)              Font shape `OT1/ptm/b/it' tried instead on input line 1090.

LaTeX Font Info:    Font shape `OT1/ptm/bx/n' in size <7> not available
(Font)              Font shape `OT1/ptm/b/n' tried instead on input line 1090.
LaTeX Font Info:    Font shape `OT1/ptm/bx/it' in size <7> not available
(Font)              Font shape `OT1/ptm/b/it' tried instead on input line 1090.

LaTeX Font Info:    Font shape `OT1/ptm/bx/n' in size <8> not available
(Font)              Font shape `OT1/ptm/b/n' tried instead on input line 1090.
LaTeX Font Info:    Font shape `OT1/ptm/bx/it' in size <8> not available
(Font)              Font shape `OT1/ptm/b/it' tried instead on input line 1090.

LaTeX Font Info:    Font shape `OT1/ptm/bx/n' in size <9> not available
(Font)              Font shape `OT1/ptm/b/n' tried instead on input line 1090.
LaTeX Font Info:    Font shape `OT1/ptm/bx/it' in size <9> not available
(Font)              Font shape `OT1/ptm/b/it' tried instead on input line 1090.

LaTeX Font Info:    Font shape `OT1/ptm/bx/n' in size <10> not available
(Font)              Font shape `OT1/ptm/b/n' tried instead on input line 1090.
LaTeX Font Info:    Font shape `OT1/ptm/bx/it' in size <10> not available
(Font)              Font shape `OT1/ptm/b/it' tried instead on input line 1090.

LaTeX Font Info:    Font shape `OT1/ptm/bx/n' in size <11> not available
(Font)              Font shape `OT1/ptm/b/n' tried instead on input line 1090.
LaTeX Font Info:    Font shape `OT1/ptm/bx/it' in size <11> not available
(Font)              Font shape `OT1/ptm/b/it' tried instead on input line 1090.

LaTeX Font Info:    Font shape `OT1/ptm/bx/n' in size <12> not available
(Font)              Font shape `OT1/ptm/b/n' tried instead on input line 1090.
LaTeX Font Info:    Font shape `OT1/ptm/bx/it' in size <12> not available
(Font)              Font shape `OT1/ptm/b/it' tried instead on input line 1090.

LaTeX Font Info:    Font shape `OT1/ptm/bx/n' in size <17> not available
(Font)              Font shape `OT1/ptm/b/n' tried instead on input line 1090.
LaTeX Font Info:    Font shape `OT1/ptm/bx/it' in size <17> not available
(Font)              Font shape `OT1/ptm/b/it' tried instead on input line 1090.

LaTeX Font Info:    Font shape `OT1/ptm/bx/n' in size <20> not available
(Font)              Font shape `OT1/ptm/b/n' tried instead on input line 1090.
LaTeX Font Info:    Font shape `OT1/ptm/bx/it' in size <20> not available
(Font)              Font shape `OT1/ptm/b/it' tried instead on input line 1090.

LaTeX Font Info:    Font shape `OT1/ptm/bx/n' in size <24> not available
(Font)              Font shape `OT1/ptm/b/n' tried instead on input line 1090.
LaTeX Font Info:    Font shape `OT1/ptm/bx/it' in size <24> not available
(Font)              Font shape `OT1/ptm/b/it' tried instead on input line 1090.

\IEEEquantizedlength=\dimen109
\IEEEquantizedlengthdiff=\dimen110
\IEEEquantizedtextheightdiff=\dimen111
\IEEEilabelindentA=\dimen112
\IEEEilabelindentB=\dimen113
\IEEEilabelindent=\dimen114
\IEEEelabelindent=\dimen115
\IEEEdlabelindent=\dimen116
\IEEElabelindent=\dimen117
\IEEEiednormlabelsep=\dimen118
\IEEEiedmathlabelsep=\dimen119
\IEEEiedtopsep=\skip41
\c@section=\count82
\c@subsection=\count83
\c@subsubsection=\count84
\c@paragraph=\count85
\c@IEEEsubequation=\count86
\abovecaptionskip=\skip42
\belowcaptionskip=\skip43
\c@figure=\count87
\c@table=\count88
\@IEEEeqnnumcols=\count89
\@IEEEeqncolcnt=\count90
\@IEEEsubeqnnumrollback=\count91
\@IEEEquantizeheightA=\dimen120
\@IEEEquantizeheightB=\dimen121
\@IEEEquantizeheightC=\dimen122
\@IEEEquantizeprevdepth=\dimen123
\@IEEEquantizemultiple=\count92
\@IEEEquantizeboxA=\box26
\@IEEEtmpitemindent=\dimen124
\IEEEPARstartletwidth=\dimen125
\c@IEEEbiography=\count93
\@IEEEtranrubishbin=\box27
) (/usr/share/texlive/texmf-dist/tex/generic/oberdiek/ifpdf.sty
Package: ifpdf 2017/03/15 v3.2 Provides the ifpdf switch
)
(/usr/share/texlive/texmf-dist/tex/latex/xkeyval/xkeyval.sty
Package: xkeyval 2014/12/03 v2.7a package option processing (HA)

(/usr/share/texlive/texmf-dist/tex/generic/xkeyval/xkeyval.tex
(/usr/share/texlive/texmf-dist/tex/generic/xkeyval/xkvutils.tex
\XKV@toks=\toks15
\XKV@tempa@toks=\toks16

(/usr/share/texlive/texmf-dist/tex/generic/xkeyval/keyval.tex))
\XKV@depth=\count94
File: xkeyval.tex 2014/12/03 v2.7a key=value parser (HA)
)){/var/lib/texmf/fonts/map/pdftex/updmap/pdftex.map}

pdfTeX warning: /usr/bin/pdflatex (file t1-times.map): cannot open font map fil
e


pdfTeX warning: /usr/bin/pdflatex (file t1-formata.map): cannot open font map f
ile


pdfTeX warning: /usr/bin/pdflatex (file t1-giovannistd.map): cannot open font m
ap file
\@draftversionrule=\dimen126
(/usr/share/texlive/texmf-dist/tex/latex/graphics/color.sty
Package: color 2016/07/10 v1.1e Standard LaTeX Color (DPC)

(/usr/share/texlive/texmf-dist/tex/latex/graphics-cfg/color.cfg
File: color.cfg 2016/01/02 v1.6 sample color configuration
)
Package color Info: Driver file: pdftex.def on input line 147.

(/usr/share/texlive/texmf-dist/tex/latex/graphics-def/pdftex.def
File: pdftex.def 2018/01/08 v1.0l Graphics/color driver for pdftex
))
(./spotcolor.sty
Package: spotcolor 2006/11/15 v1.2 Package for adding Spot Color support to pdf
LaTeX.
 (/usr/share/texlive/texmf-dist/tex/latex/graphics/graphics.sty
Package: graphics 2017/06/25 v1.2c Standard LaTeX Graphics (DPC,SPQR)
(/usr/share/texlive/texmf-dist/tex/latex/graphics/trig.sty
Package: trig 2016/01/03 v1.10 sin cos tan (DPC)
)
(/usr/share/texlive/texmf-dist/tex/latex/graphics-cfg/graphics.cfg
File: graphics.cfg 2016/06/04 v1.11 sample graphics configuration
)
Package graphics Info: Driver file: pdftex.def on input line 99.
)
\thecolorprofile=\count95
\thecolor=\count96
)
\PANTONE=\toks17
Package color Info: Redefining color black on input line 135.
\figbox=\box28
\titlewidth=\skip44
\abstractwidth=\skip45
\c@addrCtr=\count97
\abstractbox=\box29
\indexbox=\box30
\absht=\dimen127
\kwdht=\dimen128
\@tempcntc=\count98
\titlepgskip=\skip46
\maketitlebox=\box31
)
(/usr/share/texlive/texmf-dist/tex/latex/cite/cite.sty
LaTeX Info: Redefining \cite on input line 302.
LaTeX Info: Redefining \nocite on input line 332.
Package: cite 2015/02/27  v 5.5
)
(/usr/share/texlive/texmf-dist/tex/latex/amsmath/amsmath.sty
Package: amsmath 2017/09/02 v2.17a AMS math features
\@mathmargin=\skip47

For additional information on amsmath, use the `?' option.
(/usr/share/texlive/texmf-dist/tex/latex/amsmath/amstext.sty
Package: amstext 2000/06/29 v2.01 AMS text

(/usr/share/texlive/texmf-dist/tex/latex/amsmath/amsgen.sty
File: amsgen.sty 1999/11/30 v2.0 generic functions
\@emptytoks=\toks18
\ex@=\dimen129
))
(/usr/share/texlive/texmf-dist/tex/latex/amsmath/amsbsy.sty
Package: amsbsy 1999/11/29 v1.2d Bold Symbols
\pmbraise@=\dimen130
)
(/usr/share/texlive/texmf-dist/tex/latex/amsmath/amsopn.sty
Package: amsopn 2016/03/08 v2.02 operator names
)
\inf@bad=\count99
LaTeX Info: Redefining \frac on input line 213.
\uproot@=\count100
\leftroot@=\count101
LaTeX Info: Redefining \overline on input line 375.
\classnum@=\count102
\DOTSCASE@=\count103
LaTeX Info: Redefining \ldots on input line 472.
LaTeX Info: Redefining \dots on input line 475.
LaTeX Info: Redefining \cdots on input line 596.
\Mathstrutbox@=\box32
\strutbox@=\box33
\big@size=\dimen131
LaTeX Font Info:    Redeclaring font encoding OML on input line 712.
LaTeX Font Info:    Redeclaring font encoding OMS on input line 713.
\macc@depth=\count104
\c@MaxMatrixCols=\count105
\dotsspace@=\muskip10
\c@parentequation=\count106
\dspbrk@lvl=\count107
\tag@help=\toks19
\row@=\count108
\column@=\count109
\maxfields@=\count110
\andhelp@=\toks20
\eqnshift@=\dimen132
\alignsep@=\dimen133
\tagshift@=\dimen134
\tagwidth@=\dimen135
\totwidth@=\dimen136
\lineht@=\dimen137
\@envbody=\toks21
\multlinegap=\skip48
\multlinetaggap=\skip49
\mathdisplay@stack=\toks22
LaTeX Info: Redefining \[ on input line 2817.
LaTeX Info: Redefining \] on input line 2818.
)
(/usr/share/texlive/texmf-dist/tex/latex/amsfonts/amssymb.sty
Package: amssymb 2013/01/14 v3.01 AMS font symbols

(/usr/share/texlive/texmf-dist/tex/latex/amsfonts/amsfonts.sty
Package: amsfonts 2013/01/14 v3.01 Basic AMSFonts support
\symAMSa=\mathgroup4
\symAMSb=\mathgroup5
LaTeX Font Info:    Overwriting math alphabet `\mathfrak' in version `bold'
(Font)                  U/euf/m/n --> U/euf/b/n on input line 106.
))
(/usr/share/texlive/texmf-dist/tex/latex/algorithms/algorithmic.sty
Package: algorithmic 2009/08/24 v0.1 Document Style `algorithmic'

(/usr/share/texlive/texmf-dist/tex/latex/base/ifthen.sty
Package: ifthen 2014/09/29 v1.1c Standard LaTeX ifthen package (DPC)
)
\c@ALC@unique=\count111
\c@ALC@line=\count112
\c@ALC@rem=\count113
\c@ALC@depth=\count114
\ALC@tlm=\skip50
\algorithmicindent=\skip51
)
(/usr/share/texlive/texmf-dist/tex/latex/algorithm2e/algorithm2e.sty
Package: algorithm2e 2017/07/18 v5.2 algorithms environments
\c@AlgoLine=\count115
\algocf@hangindent=\skip52

(/usr/share/texlive/texmf-dist/tex/latex/ifoddpage/ifoddpage.sty
Package: ifoddpage 2016/04/23 v1.1 Conditionals for odd/even page detection
\c@checkoddpage=\count116
)
(/usr/share/texlive/texmf-dist/tex/latex/tools/xspace.sty
Package: xspace 2014/10/28 v1.13 Space after command names (DPC,MH)
)
(/usr/share/texlive/texmf-dist/tex/latex/relsize/relsize.sty
Package: relsize 2013/03/29 ver 4.1
)
\skiptotal=\skip53
\skiplinenumber=\skip54
\skiprule=\skip55
\skiphlne=\skip56
\skiptext=\skip57
\skiplength=\skip58
\algomargin=\skip59
\skipalgocfslide=\skip60
\algowidth=\dimen138
\inoutsize=\dimen139
\inoutindent=\dimen140
\interspacetitleruled=\dimen141
\interspacealgoruled=\dimen142
\interspacetitleboxruled=\dimen143
\algocf@ruledwidth=\skip61
\algocf@inoutbox=\box34
\algocf@inputbox=\box35
\AlCapSkip=\skip62
\AlCapHSkip=\skip63
\algoskipindent=\skip64
\algocf@nlbox=\box36
\algocf@hangingbox=\box37
\algocf@untilbox=\box38
\algocf@skipuntil=\skip65
\algocf@capbox=\box39
\algocf@lcaptionbox=\skip66
\algoheightruledefault=\skip67
\algoheightrule=\skip68
\algotitleheightruledefault=\skip69
\algotitleheightrule=\skip70
\c@algocfline=\count117
\c@algocfproc=\count118
\c@algocf=\count119
\algocf@algoframe=\box40
\algocf@algobox=\box41
)
(/usr/share/texlive/texmf-dist/tex/latex/graphics/graphicx.sty
Package: graphicx 2017/06/01 v1.1a Enhanced LaTeX Graphics (DPC,SPQR)
\Gin@req@height=\dimen144
\Gin@req@width=\dimen145
)
(/usr/share/texlive/texmf-dist/tex/latex/base/textcomp.sty
Package: textcomp 2017/04/05 v2.0i Standard LaTeX package
Package textcomp Info: Sub-encoding information:
(textcomp)               5 = only ISO-Adobe without \textcurrency
(textcomp)               4 = 5 + \texteuro
(textcomp)               3 = 4 + \textohm
(textcomp)               2 = 3 + \textestimated + \textcurrency
(textcomp)               1 = TS1 - \textcircled - \t
(textcomp)               0 = TS1 (full)
(textcomp)             Font families with sub-encoding setting implement
(textcomp)             only a restricted character set as indicated.
(textcomp)             Family '?' is the default used for unknown fonts.
(textcomp)             See the documentation for details.
Package textcomp Info: Setting ? sub-encoding to TS1/1 on input line 79.

(/usr/share/texlive/texmf-dist/tex/latex/base/ts1enc.def
File: ts1enc.def 2001/06/05 v3.0e (jk/car/fm) Standard LaTeX file
)
LaTeX Info: Redefining \oldstylenums on input line 334.
Package textcomp Info: Setting cmr sub-encoding to TS1/0 on input line 349.
Package textcomp Info: Setting cmss sub-encoding to TS1/0 on input line 350.
Package textcomp Info: Setting cmtt sub-encoding to TS1/0 on input line 351.
Package textcomp Info: Setting cmvtt sub-encoding to TS1/0 on input line 352.
Package textcomp Info: Setting cmbr sub-encoding to TS1/0 on input line 353.
Package textcomp Info: Setting cmtl sub-encoding to TS1/0 on input line 354.
Package textcomp Info: Setting ccr sub-encoding to TS1/0 on input line 355.
Package textcomp Info: Setting ptm sub-encoding to TS1/4 on input line 356.
Package textcomp Info: Setting pcr sub-encoding to TS1/4 on input line 357.
Package textcomp Info: Setting phv sub-encoding to TS1/4 on input line 358.
Package textcomp Info: Setting ppl sub-encoding to TS1/3 on input line 359.
Package textcomp Info: Setting pag sub-encoding to TS1/4 on input line 360.
Package textcomp Info: Setting pbk sub-encoding to TS1/4 on input line 361.
Package textcomp Info: Setting pnc sub-encoding to TS1/4 on input line 362.
Package textcomp Info: Setting pzc sub-encoding to TS1/4 on input line 363.
Package textcomp Info: Setting bch sub-encoding to TS1/4 on input line 364.
Package textcomp Info: Setting put sub-encoding to TS1/5 on input line 365.
Package textcomp Info: Setting uag sub-encoding to TS1/5 on input line 366.
Package textcomp Info: Setting ugq sub-encoding to TS1/5 on input line 367.
Package textcomp Info: Setting ul8 sub-encoding to TS1/4 on input line 368.
Package textcomp Info: Setting ul9 sub-encoding to TS1/4 on input line 369.
Package textcomp Info: Setting augie sub-encoding to TS1/5 on input line 370.
Package textcomp Info: Setting dayrom sub-encoding to TS1/3 on input line 371.
Package textcomp Info: Setting dayroms sub-encoding to TS1/3 on input line 372.

Package textcomp Info: Setting pxr sub-encoding to TS1/0 on input line 373.
Package textcomp Info: Setting pxss sub-encoding to TS1/0 on input line 374.
Package textcomp Info: Setting pxtt sub-encoding to TS1/0 on input line 375.
Package textcomp Info: Setting txr sub-encoding to TS1/0 on input line 376.
Package textcomp Info: Setting txss sub-encoding to TS1/0 on input line 377.
Package textcomp Info: Setting txtt sub-encoding to TS1/0 on input line 378.
Package textcomp Info: Setting lmr sub-encoding to TS1/0 on input line 379.
Package textcomp Info: Setting lmdh sub-encoding to TS1/0 on input line 380.
Package textcomp Info: Setting lmss sub-encoding to TS1/0 on input line 381.
Package textcomp Info: Setting lmssq sub-encoding to TS1/0 on input line 382.
Package textcomp Info: Setting lmvtt sub-encoding to TS1/0 on input line 383.
Package textcomp Info: Setting lmtt sub-encoding to TS1/0 on input line 384.
Package textcomp Info: Setting qhv sub-encoding to TS1/0 on input line 385.
Package textcomp Info: Setting qag sub-encoding to TS1/0 on input line 386.
Package textcomp Info: Setting qbk sub-encoding to TS1/0 on input line 387.
Package textcomp Info: Setting qcr sub-encoding to TS1/0 on input line 388.
Package textcomp Info: Setting qcs sub-encoding to TS1/0 on input line 389.
Package textcomp Info: Setting qpl sub-encoding to TS1/0 on input line 390.
Package textcomp Info: Setting qtm sub-encoding to TS1/0 on input line 391.
Package textcomp Info: Setting qzc sub-encoding to TS1/0 on input line 392.
Package textcomp Info: Setting qhvc sub-encoding to TS1/0 on input line 393.
Package textcomp Info: Setting futs sub-encoding to TS1/4 on input line 394.
Package textcomp Info: Setting futx sub-encoding to TS1/4 on input line 395.
Package textcomp Info: Setting futj sub-encoding to TS1/4 on input line 396.
Package textcomp Info: Setting hlh sub-encoding to TS1/3 on input line 397.
Package textcomp Info: Setting hls sub-encoding to TS1/3 on input line 398.
Package textcomp Info: Setting hlst sub-encoding to TS1/3 on input line 399.
Package textcomp Info: Setting hlct sub-encoding to TS1/5 on input line 400.
Package textcomp Info: Setting hlx sub-encoding to TS1/5 on input line 401.
Package textcomp Info: Setting hlce sub-encoding to TS1/5 on input line 402.
Package textcomp Info: Setting hlcn sub-encoding to TS1/5 on input line 403.
Package textcomp Info: Setting hlcw sub-encoding to TS1/5 on input line 404.
Package textcomp Info: Setting hlcf sub-encoding to TS1/5 on input line 405.
Package textcomp Info: Setting pplx sub-encoding to TS1/3 on input line 406.
Package textcomp Info: Setting pplj sub-encoding to TS1/3 on input line 407.
Package textcomp Info: Setting ptmx sub-encoding to TS1/4 on input line 408.
Package textcomp Info: Setting ptmj sub-encoding to TS1/4 on input line 409.
)
(/usr/share/texlive/texmf-dist/tex/latex/enumitem/enumitem.sty
Package: enumitem 2011/09/28 v3.5.2 Customized lists
\enitkv@toks@=\toks23
\labelindent=\skip71
\enit@outerparindent=\dimen146
\enit@toks=\toks24
\enit@inbox=\box42
\enitdp@description=\count120
)
(/usr/share/texlive/texmf-dist/tex/latex/booktabs/booktabs.sty
Package: booktabs 2016/04/27 v1.618033 publication quality tables
\heavyrulewidth=\dimen147
\lightrulewidth=\dimen148
\cmidrulewidth=\dimen149
\belowrulesep=\dimen150
\belowbottomsep=\dimen151
\aboverulesep=\dimen152
\abovetopsep=\dimen153
\cmidrulesep=\dimen154
\cmidrulekern=\dimen155
\defaultaddspace=\dimen156
\@cmidla=\count121
\@cmidlb=\count122
\@aboverulesep=\dimen157
\@belowrulesep=\dimen158
\@thisruleclass=\count123
\@lastruleclass=\count124
\@thisrulewidth=\dimen159
)
(/usr/share/texlive/texmf-dist/tex/latex/multirow/multirow.sty
Package: multirow 2016/11/25 v2.2 Span multiple rows of a table
\multirow@colwidth=\skip72
\multirow@cntb=\count125
\multirow@dima=\skip73
\bigstrutjot=\dimen160
)
(/usr/share/texlive/texmf-dist/tex/latex/soul/soul.sty
Package: soul 2003/11/17 v2.4 letterspacing/underlining (mf)
\SOUL@word=\toks25
\SOUL@lasttoken=\toks26
\SOUL@cmds=\toks27
\SOUL@buffer=\toks28
\SOUL@token=\toks29
\SOUL@spaceskip=\skip74
\SOUL@ttwidth=\dimen161
\SOUL@uldp=\dimen162
\SOUL@ulht=\dimen163
)
(/usr/share/texlive/texmf-dist/tex/latex/xcolor/xcolor.sty
Package: xcolor 2016/05/11 v2.12 LaTeX color extensions (UK)

(/usr/share/texlive/texmf-dist/tex/latex/graphics-cfg/color.cfg
File: color.cfg 2016/01/02 v1.6 sample color configuration
)
Package xcolor Info: Driver file: pdftex.def on input line 225.

(/usr/share/texlive/texmf-dist/tex/latex/colortbl/colortbl.sty
Package: colortbl 2012/02/13 v1.0a Color table columns (DPC)

(/usr/share/texlive/texmf-dist/tex/latex/tools/array.sty
Package: array 2016/10/06 v2.4d Tabular extension package (FMi)
\col@sep=\dimen164
\extrarowheight=\dimen165
\NC@list=\toks30
\extratabsurround=\skip75
\backup@length=\skip76
)
\everycr=\toks31
\minrowclearance=\skip77
)
LaTeX Info: Redefining \color on input line 709.
\rownum=\count126
Package xcolor Info: Model `cmy' substituted by `cmy0' on input line 1348.
Package xcolor Info: Model `hsb' substituted by `rgb' on input line 1352.
Package xcolor Info: Model `RGB' extended on input line 1364.
Package xcolor Info: Model `HTML' substituted by `rgb' on input line 1366.
Package xcolor Info: Model `Hsb' substituted by `hsb' on input line 1367.
Package xcolor Info: Model `tHsb' substituted by `hsb' on input line 1368.
Package xcolor Info: Model `HSB' substituted by `hsb' on input line 1369.
Package xcolor Info: Model `Gray' substituted by `gray' on input line 1370.
Package xcolor Info: Model `wave' substituted by `hsb' on input line 1371.
)
(/usr/share/texlive/texmf-dist/tex/latex/changepage/changepage.sty
Package: changepage 2009/10/20 v1.0c check page and change page layout
\c@cp@cntr=\count127
\cp@tempcnt=\count128
LaTeX Info: Redefining \checkoddpage on input line 59.
)
(/usr/share/texlive/texmf-dist/tex/latex/threeparttable/threeparttable.sty
Package: threeparttable 2003/06/13  v 3.0
\@tempboxb=\box43
)
(/usr/share/texlive/texmf-dist/tex/latex/changes/changes.sty
Package: changes 2015/04/27 v2.0.4 changes package

*** changes package 2015/04/27 v2.0.4 ***
(/usr/share/texlive/texmf-dist/tex/latex/xifthen/xifthen.sty
Package: xifthen 2015/11/05 v1.4.0 Extended ifthen features

(/usr/share/texlive/texmf-dist/tex/latex/tools/calc.sty
Package: calc 2014/10/28 v4.3 Infix arithmetic (KKT,FJ)
\calc@Acount=\count129
\calc@Bcount=\count130
\calc@Adimen=\dimen166
\calc@Bdimen=\dimen167
\calc@Askip=\skip78
\calc@Bskip=\skip79
LaTeX Info: Redefining \setlength on input line 80.
LaTeX Info: Redefining \addtolength on input line 81.
\calc@Ccount=\count131
\calc@Cskip=\skip80
)
(/usr/share/texlive/texmf-dist/tex/latex/ifmtarg/ifmtarg.sty
Package: ifmtarg 2009/09/02 v1.2a check for an empty argument
))

Package changes Warning: Unknown option 'commentmarkup=footnote' on input line 
248.

changes-option 'final'
(/usr/share/texlive/texmf-dist/tex/latex/oberdiek/pdfcolmk.sty
Package: pdfcolmk 2016/05/16 v1.3 Color support for pdfTeX via marks (HO)
Package pdfcolmk Info: The color stack of pdfTeX >= 1.40 is used. Therefore
(pdfcolmk)             this package is not necessary and not loaded.
)
(/usr/share/texlive/texmf-dist/tex/generic/ulem/ulem.sty
\UL@box=\box44
\UL@hyphenbox=\box45
\UL@skip=\skip81
\UL@hook=\toks32
\UL@height=\dimen168
\UL@pe=\count132
\UL@pixel=\dimen169
\ULC@box=\box46
Package: ulem 2012/05/18
\ULdepth=\dimen170
)
\c@Changes@AuthorCount=\count133
\c@Changes@Author=\count134
\c@Changes@AddCount=\count135
\c@Changes@DeleteCount=\count136
\c@Changes@ReplaceCount=\count137

(/usr/share/texlive/texmf-dist/tex/latex/truncate/truncate.sty
Package: truncate 2001/08/20  ver 3.6
\@Trunc@RestHyph=\toks33
)
\Changes@Len@summ=\skip82
) (./main.aux)
\openout1 = `main.aux'.

LaTeX Font Info:    Checking defaults for OML/cmm/m/it on input line 41.
LaTeX Font Info:    ... okay on input line 41.
LaTeX Font Info:    Checking defaults for T1/cmr/m/n on input line 41.
LaTeX Font Info:    ... okay on input line 41.
LaTeX Font Info:    Checking defaults for OT1/cmr/m/n on input line 41.
LaTeX Font Info:    ... okay on input line 41.
LaTeX Font Info:    Checking defaults for OMS/cmsy/m/n on input line 41.
LaTeX Font Info:    ... okay on input line 41.
LaTeX Font Info:    Checking defaults for OMX/cmex/m/n on input line 41.
LaTeX Font Info:    ... okay on input line 41.
LaTeX Font Info:    Checking defaults for U/cmr/m/n on input line 41.
LaTeX Font Info:    ... okay on input line 41.
LaTeX Font Info:    Checking defaults for TS1/cmr/m/n on input line 41.
LaTeX Font Info:    Try loading font information for TS1+cmr on input line 41.

(/usr/share/texlive/texmf-dist/tex/latex/base/ts1cmr.fd
File: ts1cmr.fd 2014/09/29 v2.5h Standard LaTeX font definitions
)
LaTeX Font Info:    ... okay on input line 41.

-- Lines per column: 56 (exact).
LaTeX Font Info:    Try loading font information for T1+ptm on input line 41.
(/usr/share/texlive/texmf-dist/tex/latex/psnfss/t1ptm.fd
File: t1ptm.fd 2001/06/04 font definitions for T1/ptm.
)

LaTeX Font Warning: Font shape `T1/ptm/n/n' undefined
(Font)              using `T1/ptm/m/n' instead on input line 41.

(/usr/share/texlive/texmf-dist/tex/context/base/mkii/supp-pdf.mkii
[Loading MPS to PDF converter (version 2006.09.02).]
\scratchcounter=\count138
\scratchdimen=\dimen171
\scratchbox=\box47
\nofMPsegments=\count139
\nofMParguments=\count140
\everyMPshowfont=\toks34
\MPscratchCnt=\count141
\MPscratchDim=\dimen172
\MPnumerator=\count142
\makeMPintoPDFobject=\count143
\everyMPtoPDFconversion=\toks35
) (/usr/share/texlive/texmf-dist/tex/latex/oberdiek/epstopdf-base.sty
Package: epstopdf-base 2016/05/15 v2.6 Base part for package epstopdf

(/usr/share/texlive/texmf-dist/tex/generic/oberdiek/infwarerr.sty
Package: infwarerr 2016/05/16 v1.4 Providing info/warning/error messages (HO)
)
(/usr/share/texlive/texmf-dist/tex/latex/oberdiek/grfext.sty
Package: grfext 2016/05/16 v1.2 Manage graphics extensions (HO)

(/usr/share/texlive/texmf-dist/tex/generic/oberdiek/kvdefinekeys.sty
Package: kvdefinekeys 2016/05/16 v1.4 Define keys (HO)

(/usr/share/texlive/texmf-dist/tex/generic/oberdiek/ltxcmds.sty
Package: ltxcmds 2016/05/16 v1.23 LaTeX kernel commands for general use (HO)
)))
(/usr/share/texlive/texmf-dist/tex/latex/oberdiek/kvoptions.sty
Package: kvoptions 2016/05/16 v3.12 Key value format for package options (HO)

(/usr/share/texlive/texmf-dist/tex/generic/oberdiek/kvsetkeys.sty
Package: kvsetkeys 2016/05/16 v1.17 Key value parser (HO)

(/usr/share/texlive/texmf-dist/tex/generic/oberdiek/etexcmds.sty
Package: etexcmds 2016/05/16 v1.6 Avoid name clashes with e-TeX commands (HO)

(/usr/share/texlive/texmf-dist/tex/generic/oberdiek/ifluatex.sty
Package: ifluatex 2016/05/16 v1.4 Provides the ifluatex switch (HO)
Package ifluatex Info: LuaTeX not detected.
)
Package etexcmds Info: Could not find \expanded.
(etexcmds)             That can mean that you are not using pdfTeX 1.50 or
(etexcmds)             that some package has redefined \expanded.
(etexcmds)             In the latter case, load this package earlier.
)))
(/usr/share/texlive/texmf-dist/tex/generic/oberdiek/pdftexcmds.sty
Package: pdftexcmds 2018/01/21 v0.26 Utility functions of pdfTeX for LuaTeX (HO
)
Package pdftexcmds Info: LuaTeX not detected.
Package pdftexcmds Info: \pdf@primitive is available.
Package pdftexcmds Info: \pdf@ifprimitive is available.
Package pdftexcmds Info: \pdfdraftmode found.
)
Package epstopdf-base Info: Redefining graphics rule for `.eps' on input line 4
38.
Package grfext Info: Graphics extension search list:
(grfext)             [.pdf,.png,.jpg,.mps,.jpeg,.jbig2,.jb2,.PDF,.PNG,.JPG,.JPE
G,.JBIG2,.JB2,.eps]
(grfext)             \AppendGraphicsExtensions on input line 456.

(/usr/share/texlive/texmf-dist/tex/latex/latexconfig/epstopdf-sys.cfg
File: epstopdf-sys.cfg 2010/07/13 v1.3 Configuration of (r)epstopdf for TeX Liv
e
))
(../content/abstract.tex
<bullet.png, id=3, 12.045pt x 35.38219pt>
File: bullet.png Graphic file (type png)
<use bullet.png>
Package pdftex.def Info: bullet.png  used on input line 28.
(pdftex.def)             Requested size: 5.0pt x 14.6871pt.


Package xcolor Warning: Incompatible color definition on input line 28.

LaTeX Font Info:    Try loading font information for T1+phv on input line 28.
(/usr/share/texlive/texmf-dist/tex/latex/psnfss/t1phv.fd
File: t1phv.fd 2001/06/04 scalable font definitions for T1/phv.
)

LaTeX Font Warning: Font shape `T1/phv/n/n' undefined
(Font)              using `T1/phv/m/n' instead on input line 28.

LaTeX Font Info:    Try loading font information for U+msa on input line 47.
(/usr/share/texlive/texmf-dist/tex/latex/amsfonts/umsa.fd
File: umsa.fd 2013/01/14 v3.01 AMS symbols A
)
LaTeX Font Info:    Try loading font information for U+msb on input line 47.

(/usr/share/texlive/texmf-dist/tex/latex/amsfonts/umsb.fd
File: umsb.fd 2013/01/14 v3.01 AMS symbols B
)
File: bullet.png Graphic file (type png)
<use bullet.png>
Package pdftex.def Info: bullet.png  used on input line 53.
(pdftex.def)             Requested size: 5.0pt x 14.6871pt.


Package xcolor Warning: Incompatible color definition on input line 53.


Package xcolor Warning: Incompatible color definition on input line 59.

LaTeX Font Info:    Calculating math sizes for size <9.9> on input line 59.
LaTeX Font Info:    Calculating math sizes for size <6.6> on input line 59.

Overfull \hbox (9.2679pt too wide) in paragraph at lines 59--59
[]  
 []


Overfull \hbox (9.2679pt too wide) in paragraph at lines 59--59
[]  
 []

) (../content/introduction.tex

Package xcolor Warning: Incompatible color definition on input line 2.

LaTeX Font Info:    Font shape `T1/ptm/bx/n' in size <10> not available
(Font)              Font shape `T1/ptm/b/n' tried instead on input line 5.

Underfull \hbox (badness 1521) in paragraph at lines 5--6
[]\T1/ptm/n/n/10 HE ex-po-nen-tial im-prove-ment in com-put-ing per-for-
 []


Underfull \vbox (badness 1142) has occurred while \output is active []


Underfull \vbox (badness 1147) has occurred while \output is active []



Package xcolor Warning: Incompatible color definition on input line 22.

<logo.png, id=4, 206.27063pt x 53.44969pt>
File: logo.png Graphic file (type png)
<use logo.png>
Package pdftex.def Info: logo.png  used on input line 22.
(pdftex.def)             Requested size: 91.32pt x 23.66309pt.

Overfull \hbox (505.12177pt too wide) has occurred while \output is active
[]
 []


Overfull \hbox (505.12177pt too wide) has occurred while \output is active
[]
 []


Overfull \hbox (505.12177pt too wide) has occurred while \output is active
[]
 []


Underfull \hbox (badness 10000) has occurred while \output is active
[]
 []

[1


 <./logo.png> <./bullet.png>]
Underfull \hbox (badness 2564) in paragraph at lines 39--40
[][]\T1/ptm/n/n/10 As[] [][][]com[]-[]pu[]-[]ta[]-[]tional[] [][][]de[]-[]mand[
]-[]ing[] [][][]al[]-[]go[]-[]rithms,[] [][][]ANNs[] [][][]and[]
 []


Underfull \hbox (badness 7186) in paragraph at lines 39--40
[][][]\T1/ptm/n/n/10 SNNs[] [][][]in[] [][][]par[]-[]tic[]-[]u[]-[]lar,[] [][][
]must[] [][][]be[] [][][]ad[]-[]dressed[] [][][]by[] [][][]spe[]-[]cial[]-
 []


Underfull \hbox (badness 2781) in paragraph at lines 39--40
[]\T1/ptm/n/n/10 ized[] [][][]hard[]-[]ware[] [][][]ar[]-[]chi[]-[]tec[]-[]ture
s.[] [][][]A[] [][][]sig[]-[]nif[]-[]i[]-[]cant[] [][][]re[]-[]search[] [][][]e
f[]-
 []


Underfull \hbox (badness 1430) in paragraph at lines 39--40
[]\T1/ptm/n/n/10 fort[] [][][]has[] [][][]been[] [][][]per[]-[]formed[] [][][]i
n[] [][][]SNN[] [][][]ac[]-[]cel[]-[]er[]-[]a[]-[]tors,[] [][][]see[] [][][]e.g
.[]
 []

<../figures/dot-product_unit.pdf, id=18, 252.91655pt x 252.91655pt>
File: ../figures/dot-product_unit.pdf Graphic file (type pdf)
<use ../figures/dot-product_unit.pdf>
Package pdftex.def Info: ../figures/dot-product_unit.pdf  used on input line 47
.
(pdftex.def)             Requested size: 242.67355pt x 242.68134pt.

Package xcolor Warning: Incompatible color definition on input line 48.


Package xcolor Warning: Incompatible color definition on input line 48.

<notaglinelogo.png, id=19, 169.38281pt x 42.91031pt>
File: notaglinelogo.png Graphic file (type png)
<use notaglinelogo.png>
Package pdftex.def Info: notaglinelogo.png  used on input line 55.
(pdftex.def)             Requested size: 91.32pt x 23.1352pt.

Overfull \hbox (505.12177pt too wide) has occurred while \output is active
[]
 []


Overfull \hbox (505.12177pt too wide) has occurred while \output is active
[]
 []


Underfull \hbox (badness 10000) has occurred while \output is active
[]
 []

[2 <./notaglinelogo.png> <../figures/dot-product_unit.pdf>])
(../content/related_work.tex

Package xcolor Warning: Incompatible color definition on input line 1.


Package xcolor Warning: Incompatible color definition on input line 4.


Package xcolor Warning: Incompatible color definition on input line 7.


Package xcolor Warning: Incompatible color definition on input line 18.

File: notaglinelogo.png Graphic file (type png)
<use notaglinelogo.png>
Package pdftex.def Info: notaglinelogo.png  used on input line 22.
(pdftex.def)             Requested size: 91.32pt x 23.1352pt.

Overfull \hbox (505.12177pt too wide) has occurred while \output is active
[]
 []


Overfull \hbox (505.12177pt too wide) has occurred while \output is active
[]
 []


Underfull \hbox (badness 10000) has occurred while \output is active
[]
 []

[3]

Package xcolor Warning: Incompatible color definition on input line 23.

) (../content/background.tex

Package xcolor Warning: Incompatible color definition on input line 1.

(../content/sbs_networks.tex

Package xcolor Warning: Incompatible color definition on input line 1.


Package xcolor Warning: Incompatible color definition on input line 50.



pdfTeX warning: /usr/bin/pdflatex (file ../figures/sbs_network.pdf): PDF inclus
ion: found PDF version <1.7>, but at most version <1.5> allowed
<../figures/sbs_network.pdf, id=66, 567.38115pt x 334.89616pt>
File: ../figures/sbs_network.pdf Graphic file (type pdf)
<use ../figures/sbs_network.pdf>
Package pdftex.def Info: ../figures/sbs_network.pdf  used on input line 53.
(pdftex.def)             Requested size: 242.67355pt x 143.23602pt.

Package xcolor Warning: Incompatible color definition on input line 54.


Package xcolor Warning: Incompatible color definition on input line 54.


Package xcolor Warning: Incompatible color definition on input line 60.


Overfull \hbox (10.0pt too wide) detected at line 116
[][] 
 []


LaTeX Warning: `!h' float specifier changed to `!ht'.

File: notaglinelogo.png Graphic file (type png)
<use notaglinelogo.png>
Package pdftex.def Info: notaglinelogo.png  used on input line 120.
(pdftex.def)             Requested size: 91.32pt x 23.1352pt.

Overfull \hbox (505.12177pt too wide) has occurred while \output is active
[]
 []


Overfull \hbox (505.12177pt too wide) has occurred while \output is active
[]
 []


Underfull \hbox (badness 10000) has occurred while \output is active
[]
 []

[4 <../figures/sbs_network.pdf>]

pdfTeX warning: /usr/bin/pdflatex (file ../figures/SbS_layer.pdf): PDF inclusio
n: found PDF version <1.7>, but at most version <1.5> allowed
<../figures/SbS_layer.pdf, id=79, 271.0125pt x 133.49875pt>
File: ../figures/SbS_layer.pdf Graphic file (type pdf)
<use ../figures/SbS_layer.pdf>
Package pdftex.def Info: ../figures/SbS_layer.pdf  used on input line 123.
(pdftex.def)             Requested size: 252.56088pt x 124.41327pt.

Overfull \hbox (9.88733pt too wide) in paragraph at lines 123--124
 [][] 
 []


Package xcolor Warning: Incompatible color definition on input line 124.


Package xcolor Warning: Incompatible color definition on input line 124.


Package xcolor Warning: Incompatible color definition on input line 167.



pdfTeX warning: /usr/bin/pdflatex (file ../figures/sbs_robustnes.pdf): PDF incl
usion: found PDF version <1.7>, but at most version <1.5> allowed
<../figures/sbs_robustnes.pdf, id=80, 549.76204pt x 296.34586pt>
File: ../figures/sbs_robustnes.pdf Graphic file (type pdf)
<use ../figures/sbs_robustnes.pdf>
Package pdftex.def Info: ../figures/sbs_robustnes.pdf  used on input line 183.
(pdftex.def)             Requested size: 242.67355pt x 130.81311pt.

Package xcolor Warning: Incompatible color definition on input line 184.


Package xcolor Warning: Incompatible color definition on input line 184.

)) (../content/system_design.tex

Package xcolor Warning: Incompatible color definition on input line 1.



pdfTeX warning: /usr/bin/pdflatex (file ../figures/sbs_software_component.pdf):
 PDF inclusion: found PDF version <1.7>, but at most version <1.5> allowed
<../figures/sbs_software_component.pdf, id=81, 431.6125pt x 277.035pt>
File: ../figures/sbs_software_component.pdf Graphic file (type pdf)
<use ../figures/sbs_software_component.pdf>
Package pdftex.def Info: ../figures/sbs_software_component.pdf  used on input l
ine 15.
(pdftex.def)             Requested size: 252.56088pt x 162.1092pt.

Overfull \hbox (9.88733pt too wide) in paragraph at lines 15--16
 [][] 
 []


Package xcolor Warning: Incompatible color definition on input line 16.


Package xcolor Warning: Incompatible color definition on input line 16.


Package xcolor Warning: Incompatible color definition on input line 20.


Underfull \vbox (badness 2781) has occurred while \output is active []

File: notaglinelogo.png Graphic file (type png)
<use notaglinelogo.png>
Package pdftex.def Info: notaglinelogo.png  used on input line 22.
(pdftex.def)             Requested size: 91.32pt x 23.1352pt.

Overfull \hbox (505.12177pt too wide) has occurred while \output is active
[]
 []


Overfull \hbox (505.12177pt too wide) has occurred while \output is active
[]
 []


Underfull \hbox (badness 10000) has occurred while \output is active
[]
 []

[5 <../figures/SbS_layer.pdf> <../figures/sbs_robustnes.pdf>]

pdfTeX warning: /usr/bin/pdflatex (file ../figures/sbs_hw.pdf): PDF inclusion: 
found PDF version <1.7>, but at most version <1.5> allowed
<../figures/sbs_hw.pdf, id=636, 228.855pt x 139.52126pt>
File: ../figures/sbs_hw.pdf Graphic file (type pdf)
<use ../figures/sbs_hw.pdf>
Package pdftex.def Info: ../figures/sbs_hw.pdf  used on input line 27.
(pdftex.def)             Requested size: 252.56088pt x 153.98051pt.

Overfull \hbox (9.88733pt too wide) in paragraph at lines 27--28
 [][] 
 []


Package xcolor Warning: Incompatible color definition on input line 28.


Package xcolor Warning: Incompatible color definition on input line 28.


Package xcolor Warning: Incompatible color definition on input line 32.


Package xcolor Warning: Incompatible color definition on input line 35.


Package xcolor Warning: Incompatible color definition on input line 49.

File: notaglinelogo.png Graphic file (type png)
<use notaglinelogo.png>
Package pdftex.def Info: notaglinelogo.png  used on input line 53.
(pdftex.def)             Requested size: 91.32pt x 23.1352pt.

Overfull \hbox (505.12177pt too wide) has occurred while \output is active
[]
 []


Overfull \hbox (505.12177pt too wide) has occurred while \output is active
[]
 []


Underfull \hbox (badness 10000) has occurred while \output is active
[]
 []

[6 <../figures/sbs_software_component.pdf> <../figures/sbs_hw.pdf>]

pdfTeX warning: /usr/bin/pdflatex (file ../figures/sbs_conv.pdf): PDF inclusion
: found PDF version <1.7>, but at most version <1.5> allowed
<../figures/sbs_conv.pdf, id=672, 296.10625pt x 344.28625pt>
File: ../figures/sbs_conv.pdf Graphic file (type pdf)
<use ../figures/sbs_conv.pdf>
Package pdftex.def Info: ../figures/sbs_conv.pdf  used on input line 60.
(pdftex.def)             Requested size: 252.56088pt x 293.66383pt.

Overfull \hbox (9.88733pt too wide) in paragraph at lines 60--61
 [][] 
 []


Package xcolor Warning: Incompatible color definition on input line 61.


Package xcolor Warning: Incompatible color definition on input line 61.


Package xcolor Warning: Incompatible color definition on input line 65.


Underfull \hbox (badness 1852) in paragraph at lines 67--68
\T1/ptm/n/n/10 specific ar-chi-tec-ture op-ti-mized to ap-prox-i-mate the dot-
 []


Underfull \vbox (badness 4353) has occurred while \output is active []

<../figures/dot-product_unit_bitwidth.pdf, id=673, 252.91655pt x 169.80605pt>
File: ../figures/dot-product_unit_bitwidth.pdf Graphic file (type pdf)
<use ../figures/dot-product_unit_bitwidth.pdf>
Package pdftex.def Info: ../figures/dot-product_unit_bitwidth.pdf  used on inpu
t line 95.
(pdftex.def)             Requested size: 242.67355pt x 162.9342pt.


Package xcolor Warning: Incompatible color definition on input line 96.


Package xcolor Warning: Incompatible color definition on input line 96.


Package xcolor Warning: Incompatible color definition on input line 102.

File: notaglinelogo.png Graphic file (type png)
<use notaglinelogo.png>
Package pdftex.def Info: notaglinelogo.png  used on input line 102.
(pdftex.def)             Requested size: 91.32pt x 23.1352pt.

Overfull \hbox (505.12177pt too wide) has occurred while \output is active
[]
 []


Overfull \hbox (505.12177pt too wide) has occurred while \output is active
[]
 []


Underfull \hbox (badness 10000) has occurred while \output is active
[]
 []

[7 <../figures/sbs_conv.pdf> <../figures/dot-product_unit_bitwidth.pdf>]

pdfTeX warning: /usr/bin/pdflatex (file ../figures/dot_product_float.pdf): PDF 
inclusion: found PDF version <1.7>, but at most version <1.5> allowed
<../figures/dot_product_float.pdf, id=721, 460.72125pt x 491.8375pt>
File: ../figures/dot_product_float.pdf Graphic file (type pdf)
<use ../figures/dot_product_float.pdf>
Package pdftex.def Info: ../figures/dot_product_float.pdf  used on input line 1
13.
(pdftex.def)             Requested size: 252.56088pt x 269.61838pt.

Overfull \hbox (9.88733pt too wide) in paragraph at lines 113--114
 [][] 
 []


Package xcolor Warning: Incompatible color definition on input line 114.


Package xcolor Warning: Incompatible color definition on input line 114.


Package xcolor Warning: Incompatible color definition on input line 118.


Underfull \vbox (badness 7273) has occurred while \output is active []

File: notaglinelogo.png Graphic file (type png)
<use notaglinelogo.png>
Package pdftex.def Info: notaglinelogo.png  used on input line 137.
(pdftex.def)             Requested size: 91.32pt x 23.1352pt.

Overfull \hbox (505.12177pt too wide) has occurred while \output is active
[]
 []


Overfull \hbox (505.12177pt too wide) has occurred while \output is active
[]
 []


Underfull \hbox (badness 10000) has occurred while \output is active
[]
 []

[8 <../figures/dot_product_float.pdf>]

pdfTeX warning: /usr/bin/pdflatex (file ../figures/dot_product.pdf): PDF inclus
ion: found PDF version <1.7>, but at most version <1.5> allowed
<../figures/dot_product.pdf, id=734, 446.66875pt x 475.7775pt>
File: ../figures/dot_product.pdf Graphic file (type pdf)
<use ../figures/dot_product.pdf>
Package pdftex.def Info: ../figures/dot_product.pdf  used on input line 163.
(pdftex.def)             Requested size: 252.56088pt x 269.02531pt.

Overfull \hbox (9.88733pt too wide) in paragraph at lines 163--164
 [][] 
 []


Package xcolor Warning: Incompatible color definition on input line 164.


Package xcolor Warning: Incompatible color definition on input line 164.



pdfTeX warning: /usr/bin/pdflatex (file ../figures/dot_product_log.pdf): PDF in
clusion: found PDF version <1.7>, but at most version <1.5> allowed
<../figures/dot_product_log.pdf, id=735, 445.665pt x 383.4325pt>
File: ../figures/dot_product_log.pdf Graphic file (type pdf)
<use ../figures/dot_product_log.pdf>
Package pdftex.def Info: ../figures/dot_product_log.pdf  used on input line 170
.
(pdftex.def)             Requested size: 252.56088pt x 217.29504pt.

Overfull \hbox (9.88733pt too wide) in paragraph at lines 170--171
 [][] 
 []


Package xcolor Warning: Incompatible color definition on input line 171.


Package xcolor Warning: Incompatible color definition on input line 171.

) (../content/experimental_results.tex

Package xcolor Warning: Incompatible color definition on input line 1.

File: notaglinelogo.png Graphic file (type png)
<use notaglinelogo.png>
Package pdftex.def Info: notaglinelogo.png  used on input line 6.
(pdftex.def)             Requested size: 91.32pt x 23.1352pt.

Overfull \hbox (505.12177pt too wide) has occurred while \output is active
[]
 []


Overfull \hbox (505.12177pt too wide) has occurred while \output is active
[]
 []


Underfull \hbox (badness 10000) has occurred while \output is active
[]
 []

[9 <../figures/dot_product.pdf> <../figures/dot_product_log.pdf>]

Package xcolor Warning: Incompatible color definition on input line 10.


Package xcolor Warning: Incompatible color definition on input line 11.


Package xcolor Warning: Incompatible color definition on input line 18.

<../figures/latency_sw.pdf, id=788, 252.91655pt x 93.92255pt>
File: ../figures/latency_sw.pdf Graphic file (type pdf)
<use ../figures/latency_sw.pdf>
Package pdftex.def Info: ../figures/latency_sw.pdf  used on input line 37.
(pdftex.def)             Requested size: 242.67355pt x 90.12161pt.

Package xcolor Warning: Incompatible color definition on input line 38.


Package xcolor Warning: Incompatible color definition on input line 38.


Package xcolor Warning: Incompatible color definition on input line 42.


Underfull \vbox (badness 1990) has occurred while \output is active []



pdfTeX warning: /usr/bin/pdflatex (file ../figures/sbs_hw_experimental.pdf): PD
F inclusion: found PDF version <1.7>, but at most version <1.5> allowed
<../figures/sbs_hw_experimental.pdf, id=789, 180.675pt x 117.43875pt>
File: ../figures/sbs_hw_experimental.pdf Graphic file (type pdf)
<use ../figures/sbs_hw_experimental.pdf>
Package pdftex.def Info: ../figures/sbs_hw_experimental.pdf  used on input line
 47.
(pdftex.def)             Requested size: 252.56088pt x 164.1658pt.

Overfull \hbox (9.88733pt too wide) in paragraph at lines 47--48
 [][] 
 []


Package xcolor Warning: Incompatible color definition on input line 48.


Package xcolor Warning: Incompatible color definition on input line 48.


Package xcolor Warning: Incompatible color definition on input line 55.

<../figures/latency_pu_fp.pdf, id=790, 252.91655pt x 115.60355pt>
File: ../figures/latency_pu_fp.pdf Graphic file (type pdf)
<use ../figures/latency_pu_fp.pdf>
Package pdftex.def Info: ../figures/latency_pu_fp.pdf  used on input line 77.
(pdftex.def)             Requested size: 242.67355pt x 110.92522pt.

Package xcolor Warning: Incompatible color definition on input line 78.


Package xcolor Warning: Incompatible color definition on input line 78.

File: notaglinelogo.png Graphic file (type png)
<use notaglinelogo.png>
Package pdftex.def Info: notaglinelogo.png  used on input line 84.
(pdftex.def)             Requested size: 91.32pt x 23.1352pt.

Overfull \hbox (505.12177pt too wide) has occurred while \output is active
[]
 []


Overfull \hbox (505.12177pt too wide) has occurred while \output is active
[]
 []


Underfull \hbox (badness 10000) has occurred while \output is active
[]
 []

[10 <../figures/latency_sw.pdf> <../figures/sbs_hw_experimental.pdf>]
<../figures/latency_fp_cycle.pdf, id=875, 252.91655pt x 124.99297pt>
File: ../figures/latency_fp_cycle.pdf Graphic file (type pdf)
<use ../figures/latency_fp_cycle.pdf>
Package pdftex.def Info: ../figures/latency_fp_cycle.pdf  used on input line 88
.
(pdftex.def)             Requested size: 242.67355pt x 119.93465pt.


Package xcolor Warning: Incompatible color definition on input line 89.


Package xcolor Warning: Incompatible color definition on input line 89.


Underfull \hbox (badness 1824) in paragraph at lines 115--116
[]\T1/ptm/n/n/10 Applying \T1/ptm/b/n/10 Eq. \T1/ptm/n/n/10 (11[]), we ob-tain 
a la-tency of $\OT1/cmr/m/n/10 3\OML/cmm/m/it/10 :\OT1/cmr/m/n/10 18\OML/cmm/m/
it/10 ms$
 []


Package xcolor Warning: Incompatible color definition on input line 122.


Package xcolor Warning: Incompatible color definition on input line 144.


Package xcolor Warning: Incompatible color definition on input line 154.

File: notaglinelogo.png Graphic file (type png)
<use notaglinelogo.png>
Package pdftex.def Info: notaglinelogo.png  used on input line 156.
(pdftex.def)             Requested size: 91.32pt x 23.1352pt.

Overfull \hbox (505.12177pt too wide) has occurred while \output is active
[]
 []


Overfull \hbox (505.12177pt too wide) has occurred while \output is active
[]
 []


Underfull \hbox (badness 10000) has occurred while \output is active
[]
 []

[11 <../figures/latency_pu_fp.pdf> <../figures/latency_fp_cycle.pdf

pdfTeX warning: /usr/bin/pdflatex (file ../figures/latency_fp_cycle.pdf): PDF i
nclusion: multiple pdfs with page group included in a single page
>]
<../figures/accuracy_vs_noise_pu_fp.pdf, id=937, 252.91655pt x 433.59154pt>
File: ../figures/accuracy_vs_noise_pu_fp.pdf Graphic file (type pdf)
<use ../figures/accuracy_vs_noise_pu_fp.pdf>
Package pdftex.def Info: ../figures/accuracy_vs_noise_pu_fp.pdf  used on input 
line 164.
(pdftex.def)             Requested size: 242.67355pt x 416.04468pt.


Package xcolor Warning: Incompatible color definition on input line 165.


Package xcolor Warning: Incompatible color definition on input line 165.


Package xcolor Warning: Incompatible color definition on input line 169.


Package xcolor Warning: Incompatible color definition on input line 173.

<../figures/log2_histogram.pdf, id=938, 252.91655pt x 361.32155pt>
File: ../figures/log2_histogram.pdf Graphic file (type pdf)
<use ../figures/log2_histogram.pdf>
Package pdftex.def Info: ../figures/log2_histogram.pdf  used on input line 182.

(pdftex.def)             Requested size: 242.67355pt x 346.69934pt.

Package xcolor Warning: Incompatible color definition on input line 183.


Package xcolor Warning: Incompatible color definition on input line 183.


Package xcolor Warning: Incompatible color definition on input line 186.


Underfull \vbox (badness 3118) has occurred while \output is active []

File: notaglinelogo.png Graphic file (type png)
<use notaglinelogo.png>
Package pdftex.def Info: notaglinelogo.png  used on input line 188.
(pdftex.def)             Requested size: 91.32pt x 23.1352pt.

Overfull \hbox (505.12177pt too wide) has occurred while \output is active
[]
 []


Overfull \hbox (505.12177pt too wide) has occurred while \output is active
[]
 []


Underfull \hbox (badness 10000) has occurred while \output is active
[]
 []

[12 <../figures/accuracy_vs_noise_pu_fp.pdf>]

Package xcolor Warning: Incompatible color definition on input line 200.


LaTeX Warning: `!h' float specifier changed to `!ht'.


Package xcolor Warning: Incompatible color definition on input line 219.

<../figures/latency_cfp_cycle.pdf, id=962, 252.91655pt x 252.91655pt>
File: ../figures/latency_cfp_cycle.pdf Graphic file (type pdf)
<use ../figures/latency_cfp_cycle.pdf>
Package pdftex.def Info: ../figures/latency_cfp_cycle.pdf  used on input line 2
39.
(pdftex.def)             Requested size: 242.67355pt x 242.68134pt.

Package xcolor Warning: Incompatible color definition on input line 240.


Package xcolor Warning: Incompatible color definition on input line 240.

<../figures/accuracy_vs_noise_pu_cfp(4-bit-exponent_1-bit-mantissa).pdf, id=963
, 252.91655pt x 433.59154pt>
File: ../figures/accuracy_vs_noise_pu_cfp(4-bit-exponent_1-bit-mantissa).pdf Gr
aphic file (type pdf)
<use ../figures/accuracy_vs_noise_pu_cfp(4-bit-exponent_1-bit-mantissa).pdf>
Package pdftex.def Info: ../figures/accuracy_vs_noise_pu_cfp(4-bit-exponent_1-b
it-mantissa).pdf  used on input line 246.
(pdftex.def)             Requested size: 242.67355pt x 416.04468pt.

Package xcolor Warning: Incompatible color definition on input line 247.


Package xcolor Warning: Incompatible color definition on input line 247.


Package xcolor Warning: Incompatible color definition on input line 251.


Underfull \vbox (badness 5771) has occurred while \output is active []

File: notaglinelogo.png Graphic file (type png)
<use notaglinelogo.png>
Package pdftex.def Info: notaglinelogo.png  used on input line 253.
(pdftex.def)             Requested size: 91.32pt x 23.1352pt.

Overfull \hbox (505.12177pt too wide) has occurred while \output is active
[]
 []


Overfull \hbox (505.12177pt too wide) has occurred while \output is active
[]
 []


Underfull \hbox (badness 10000) has occurred while \output is active
[]
 []

[13 <../figures/log2_histogram.pdf> <../figures/latency_cfp_cycle.pdf

pdfTeX warning: /usr/bin/pdflatex (file ../figures/latency_cfp_cycle.pdf): PDF 
inclusion: multiple pdfs with page group included in a single page
>]

Package xcolor Warning: Incompatible color definition on input line 265.

<../figures/latency_log_cycle.pdf, id=996, 252.91655pt x 252.91655pt>
File: ../figures/latency_log_cycle.pdf Graphic file (type pdf)
<use ../figures/latency_log_cycle.pdf>
Package pdftex.def Info: ../figures/latency_log_cycle.pdf  used on input line 2
85.
(pdftex.def)             Requested size: 242.67355pt x 242.68134pt.

Package xcolor Warning: Incompatible color definition on input line 286.


Package xcolor Warning: Incompatible color definition on input line 286.


Package xcolor Warning: Incompatible color definition on input line 291.

<../figures/accuracy_vs_noise_pu_log.pdf, id=997, 252.91655pt x 433.59154pt>
File: ../figures/accuracy_vs_noise_pu_log.pdf Graphic file (type pdf)
<use ../figures/accuracy_vs_noise_pu_log.pdf>
Package pdftex.def Info: ../figures/accuracy_vs_noise_pu_log.pdf  used on input
 line 312.
(pdftex.def)             Requested size: 242.67355pt x 416.04468pt.

Package xcolor Warning: Incompatible color definition on input line 313.


Package xcolor Warning: Incompatible color definition on input line 313.


Package xcolor Warning: Incompatible color definition on input line 318.

File: notaglinelogo.png Graphic file (type png)
<use notaglinelogo.png>
Package pdftex.def Info: notaglinelogo.png  used on input line 320.
(pdftex.def)             Requested size: 91.32pt x 23.1352pt.

Overfull \hbox (505.12177pt too wide) has occurred while \output is active
[]
 []


Overfull \hbox (505.12177pt too wide) has occurred while \output is active
[]
 []


Underfull \hbox (badness 10000) has occurred while \output is active
[]
 []

[14 <../figures/accuracy_vs_noise_pu_cfp(4-bit-exponent_1-bit-mantissa).pdf> <.
./figures/latency_log_cycle.pdf

pdfTeX warning: /usr/bin/pdflatex (file ../figures/latency_log_cycle.pdf): PDF 
inclusion: multiple pdfs with page group included in a single page
>]
Underfull \vbox (badness 1418) has occurred while \output is active []



Package xcolor Warning: Incompatible color definition on input line 342.


Package xcolor Warning: Incompatible color definition on input line 367.

<../figures/platform_power_dissipation_breakdown.pdf, id=1036, 505.86154pt x 93
.92255pt>
File: ../figures/platform_power_dissipation_breakdown.pdf Graphic file (type pd
f)
<use ../figures/platform_power_dissipation_breakdown.pdf>
Package pdftex.def Info: ../figures/platform_power_dissipation_breakdown.pdf  u
sed on input line 382.
(pdftex.def)             Requested size: 505.86029pt x 93.9223pt.

Overfull \hbox (0.73853pt too wide) in paragraph at lines 382--383
 [][] 
 []


Package xcolor Warning: Incompatible color definition on input line 383.


Package xcolor Warning: Incompatible color definition on input line 383.


LaTeX Warning: `!h' float specifier changed to `!ht'.

) (../content/conclusions.tex

Package xcolor Warning: Incompatible color definition on input line 1.


Package xcolor Warning: Incompatible color definition on input line 11.

) (../content/appendix.tex
File: notaglinelogo.png Graphic file (type png)
<use notaglinelogo.png>
Package pdftex.def Info: notaglinelogo.png  used on input line 1.
(pdftex.def)             Requested size: 91.32pt x 23.1352pt.

Overfull \hbox (505.12177pt too wide) has occurred while \output is active
[]
 []


Overfull \hbox (505.12177pt too wide) has occurred while \output is active
[]
 []


Underfull \hbox (badness 10000) has occurred while \output is active
[]
 []

[15 <../figures/accuracy_vs_noise_pu_log.pdf>]

Package xcolor Warning: Incompatible color definition on input line 1.


Package xcolor Warning: Incompatible color definition on input line 2.

LaTeX Font Info:    Try loading font information for T1+pcr on input line 38.
(/usr/share/texlive/texmf-dist/tex/latex/psnfss/t1pcr.fd
File: t1pcr.fd 2001/06/04 font definitions for T1/pcr.
)
Overfull \hbox (10.0pt too wide) detected at line 52
[][] 
 []


LaTeX Warning: `!h' float specifier changed to `!ht'.


Overfull \hbox (10.0pt too wide) detected at line 84
[][] 
 []


LaTeX Warning: `!h' float specifier changed to `!ht'.


Overfull \hbox (10.0pt too wide) detected at line 153
[][] 
 []


LaTeX Warning: `!h' float specifier changed to `!ht'.

) (./main.bbl

Package xcolor Warning: Incompatible color definition on input line 2.

File: notaglinelogo.png Graphic file (type png)
<use notaglinelogo.png>
Package pdftex.def Info: notaglinelogo.png  used on input line 83.
(pdftex.def)             Requested size: 91.32pt x 23.1352pt.

Overfull \hbox (505.12177pt too wide) has occurred while \output is active
[]
 []


Overfull \hbox (505.12177pt too wide) has occurred while \output is active
[]
 []


Underfull \hbox (badness 10000) has occurred while \output is active
[]
 []

[16 <../figures/platform_power_dissipation_breakdown.pdf>]
Underfull \hbox (badness 1917) in paragraph at lines 96--99
[]\T1/ptm/m/n/7.61 D. Roter-mund and K. R. Pawelzik, ``Back-propagation learn-i
ng in
 []

File: notaglinelogo.png Graphic file (type png)
<use notaglinelogo.png>
Package pdftex.def Info: notaglinelogo.png  used on input line 99.
(pdftex.def)             Requested size: 91.32pt x 23.1352pt.

Overfull \hbox (505.12177pt too wide) has occurred while \output is active
[]
 []


Overfull \hbox (505.12177pt too wide) has occurred while \output is active
[]
 []


Underfull \hbox (badness 10000) has occurred while \output is active
[]
 []

[17]
Underfull \hbox (badness 1460) in paragraph at lines 117--121
[]\T1/ptm/m/n/7.61 M. Bou-vier, A. Valen-tian, T. Mesquida, F. Rum-mens, M. Rey
-boz,
 []


Underfull \hbox (badness 1642) in paragraph at lines 167--170
[]\T1/ptm/m/n/7.61 J. Han and M. Or-shan-sky, ``Ap-prox-i-mate com-put-ing: An 
emerg-ing
 []

) (../biography/biography.tex
File: notaglinelogo.png Graphic file (type png)
<use notaglinelogo.png>
Package pdftex.def Info: notaglinelogo.png  used on input line 1.
(pdftex.def)             Requested size: 91.32pt x 23.1352pt.

Overfull \hbox (505.12177pt too wide) has occurred while \output is active
[]
 []


Overfull \hbox (505.12177pt too wide) has occurred while \output is active
[]
 []


Underfull \hbox (badness 10000) has occurred while \output is active
[]
 []

[18]
<../biography/yarib_300_375.jpg, id=1195, 301.125pt x 376.40625pt>
File: ../biography/yarib_300_375.jpg Graphic file (type jpg)
<use ../biography/yarib_300_375.jpg>
Package pdftex.def Info: ../biography/yarib_300_375.jpg  used on input line 1.
(pdftex.def)             Requested size: 72.26688pt x 90.33359pt.
File: ../biography/yarib_300_375.jpg Graphic file (type jpg)
<use ../biography/yarib_300_375.jpg>
Package pdftex.def Info: ../biography/yarib_300_375.jpg  used on input line 1.
(pdftex.def)             Requested size: 72.26688pt x 90.33359pt.
<../biography/Rotermund_David.jpg, id=1198, 870.25125pt x 1216.545pt>
File: ../biography/Rotermund_David.jpg Graphic file (type jpg)
<use ../biography/Rotermund_David.jpg>
Package pdftex.def Info: ../biography/Rotermund_David.jpg  used on input line 7
.
(pdftex.def)             Requested size: 64.61536pt x 90.32735pt.
File: ../biography/Rotermund_David.jpg Graphic file (type jpg)
<use ../biography/Rotermund_David.jpg>
Package pdftex.def Info: ../biography/Rotermund_David.jpg  used on input line 7
.
(pdftex.def)             Requested size: 64.61536pt x 90.32735pt.
<../biography/Klaus.jpg, id=1201, 262.9825pt x 386.44376pt>
File: ../biography/Klaus.jpg Graphic file (type jpg)
<use ../biography/Klaus.jpg>
Package pdftex.def Info: ../biography/Klaus.jpg  used on input line 10.
(pdftex.def)             Requested size: 61.47585pt x 90.33665pt.
File: ../biography/Klaus.jpg Graphic file (type jpg)
<use ../biography/Klaus.jpg>
Package pdftex.def Info: ../biography/Klaus.jpg  used on input line 10.
(pdftex.def)             Requested size: 61.47585pt x 90.33665pt.
<../biography/Alberto_Garcia-Ortiz.jpg, id=1204, 188.1429pt x 256.0767pt>
File: ../biography/Alberto_Garcia-Ortiz.jpg Graphic file (type jpg)
<use ../biography/Alberto_Garcia-Ortiz.jpg>
Package pdftex.def Info: ../biography/Alberto_Garcia-Ortiz.jpg  used on input l
ine 26.
(pdftex.def)             Requested size: 66.37347pt x 90.33932pt.
File: ../biography/Alberto_Garcia-Ortiz.jpg Graphic file (type jpg)
<use ../biography/Alberto_Garcia-Ortiz.jpg>
Package pdftex.def Info: ../biography/Alberto_Garcia-Ortiz.jpg  used on input l
ine 26.
(pdftex.def)             Requested size: 66.37347pt x 90.33932pt.

Underfull \hbox (badness 10000) in paragraph at lines 26--50
[]\T1/phv/m/n/8 ALBERTO GARCIA-ORTIZ \T1/ptm/n/n/8 ob-tained the
 []


Underfull \hbox (badness 3439) in paragraph at lines 26--50
\T1/ptm/n/n/8 from the Poly-tech-nic Uni-ver-sity of Va-len-cia
 []

)
File: bullet.png Graphic file (type png)
<use bullet.png>
Package pdftex.def Info: bullet.png  used on input line 61.
(pdftex.def)             Requested size: 5.0pt x 14.6871pt.
\Changes@OutFile=\write3
\openout3 = `main.soc'.

File: notaglinelogo.png Graphic file (type png)
<use notaglinelogo.png>
Package pdftex.def Info: notaglinelogo.png  used on input line 63.
(pdftex.def)             Requested size: 91.32pt x 23.1352pt.

Overfull \hbox (505.12177pt too wide) has occurred while \output is active
[]
 []


Overfull \hbox (505.12177pt too wide) has occurred while \output is active
[]
 []


Underfull \hbox (badness 10000) has occurred while \output is active
[]
 []

[19 <../biography/yarib_300_375.jpg> <../biography/Rotermund_David.jpg> <../bio
graphy/Klaus.jpg> <../biography/Alberto_Garcia-Ortiz.jpg>] (./main.aux)

LaTeX Font Warning: Some font shapes were not available, defaults substituted.

 ) 
Here is how much of TeX's memory you used:
 7412 strings out of 492982
 113543 string characters out of 6134896
 265962 words of memory out of 5000000
 10717 multiletter control sequences out of 15000+600000
 120398 words of font info for 157 fonts, out of 8000000 for 9000
 1141 hyphenation exceptions out of 8191
 41i,18n,53p,1627b,839s stack positions out of 5000i,500n,10000p,200000b,80000s
{/usr/share/texlive/texmf-dist/fonts/enc/dvips/base/8r.enc}</usr/share/texliv
e/texmf-dist/fonts/type1/public/amsfonts/cm/cmex10.pfb></usr/share/texlive/texm
f-dist/fonts/type1/public/amsfonts/cm/cmmi10.pfb></usr/share/texlive/texmf-dist
/fonts/type1/public/amsfonts/cm/cmmi5.pfb></usr/share/texlive/texmf-dist/fonts/
type1/public/amsfonts/cm/cmmi7.pfb></usr/share/texlive/texmf-dist/fonts/type1/p
ublic/amsfonts/cm/cmr10.pfb></usr/share/texlive/texmf-dist/fonts/type1/public/a
msfonts/cm/cmr5.pfb></usr/share/texlive/texmf-dist/fonts/type1/public/amsfonts/
cm/cmr7.pfb></usr/share/texlive/texmf-dist/fonts/type1/public/amsfonts/cm/cmsy1
0.pfb></usr/share/texlive/texmf-dist/fonts/type1/public/amsfonts/cm/cmsy7.pfb><
/usr/share/texlive/texmf-dist/fonts/type1/public/amsfonts/symbols/msbm10.pfb></
usr/share/texlive/texmf-dist/fonts/type1/urw/courier/ucrr8a.pfb></usr/share/tex
live/texmf-dist/fonts/type1/urw/helvetic/uhvb8a.pfb></usr/share/texlive/texmf-d
ist/fonts/type1/urw/helvetic/uhvbo8a.pfb></usr/share/texlive/texmf-dist/fonts/t
ype1/urw/helvetic/uhvr8a.pfb></usr/share/texlive/texmf-dist/fonts/type1/urw/hel
vetic/uhvro8a.pfb></usr/share/texlive/texmf-dist/fonts/type1/urw/times/utmb8a.p
fb></usr/share/texlive/texmf-dist/fonts/type1/urw/times/utmr8a.pfb></usr/share/
texlive/texmf-dist/fonts/type1/urw/times/utmri8a.pfb>
Output written on main.pdf (19 pages, 3672647 bytes).
PDF statistics:
 1273 PDF objects out of 1440 (max. 8388607)
 982 compressed objects within 10 object streams
 0 named destinations out of 1000 (max. 500000)
 202 words of extra memory for PDF output out of 10000 (max. 10000000)

