\BOOKMARK [1][-]{toc1.1}{Contents}{}% 1
\BOOKMARK [1][-]{section.1}{1 Introduction}{}% 2
\BOOKMARK [1][-]{section.2}{2 User's guide}{}% 3
\BOOKMARK [2][-]{subsection.2.1}{2.1 Installation}{section.2}% 4
\BOOKMARK [2][-]{subsection.2.2}{2.2 Invocation and options}{section.2}% 5
\BOOKMARK [2][-]{subsection.2.3}{2.3 Top matter}{section.2}% 6
\BOOKMARK [2][-]{subsection.2.4}{2.4 Algorithms}{section.2}% 7
\BOOKMARK [2][-]{subsection.2.5}{2.5 Figures and tables}{section.2}% 8
\BOOKMARK [2][-]{subsection.2.6}{2.6 Descriptions of images}{section.2}% 9
\BOOKMARK [2][-]{subsection.2.7}{2.7 Theorems}{section.2}% 10
\BOOKMARK [2][-]{subsection.2.8}{2.8 Online-only and offline-only material}{section.2}% 11
\BOOKMARK [2][-]{subsection.2.9}{2.9 Note about anonymous mode}{section.2}% 12
\BOOKMARK [2][-]{subsection.2.10}{2.10 Acknowledgments}{section.2}% 13
\BOOKMARK [2][-]{subsection.2.11}{2.11 Bibliography}{section.2}% 14
\BOOKMARK [2][-]{subsection.2.12}{2.12 Colors}{section.2}% 15
\BOOKMARK [2][-]{subsection.2.13}{2.13 Other notable packages and typographic remarks}{section.2}% 16
\BOOKMARK [2][-]{subsection.2.14}{2.14 Counting words}{section.2}% 17
\BOOKMARK [2][-]{subsection.2.15}{2.15 Disabled or forbidden commands}{section.2}% 18
\BOOKMARK [2][-]{subsection.2.16}{2.16 Notes for wizards}{section.2}% 19
\BOOKMARK [2][-]{subsection.2.17}{2.17 Currently supported publications}{section.2}% 20
\BOOKMARK [2][-]{subsection.2.18}{2.18 A note about sigchi-a format}{section.2}% 21
\BOOKMARK [1][-]{section.3}{3 Implementation}{}% 22
\BOOKMARK [2][-]{subsection.3.1}{3.1 Identification}{section.3}% 23
\BOOKMARK [2][-]{subsection.3.2}{3.2 Preload hook}{section.3}% 24
\BOOKMARK [2][-]{subsection.3.3}{3.3 Options}{section.3}% 25
\BOOKMARK [2][-]{subsection.3.4}{3.4 Setting switches}{section.3}% 26
\BOOKMARK [2][-]{subsection.3.5}{3.5 Loading the base class and package}{section.3}% 27
\BOOKMARK [2][-]{subsection.3.6}{3.6 Citations}{section.3}% 28
\BOOKMARK [2][-]{subsection.3.7}{3.7 Paper size and paragraphing}{section.3}% 29
\BOOKMARK [2][-]{subsection.3.8}{3.8 Fonts}{section.3}% 30
\BOOKMARK [2][-]{subsection.3.9}{3.9 Image descriptions}{section.3}% 31
\BOOKMARK [2][-]{subsection.3.10}{3.10 Floats}{section.3}% 32
\BOOKMARK [2][-]{subsection.3.11}{3.11 Lists}{section.3}% 33
\BOOKMARK [2][-]{subsection.3.12}{3.12 Top-matter data}{section.3}% 34
\BOOKMARK [2][-]{subsection.3.13}{3.13 Concepts system}{section.3}% 35
\BOOKMARK [2][-]{subsection.3.14}{3.14 Copyright system}{section.3}% 36
\BOOKMARK [2][-]{subsection.3.15}{3.15 Maketitle hook}{section.3}% 37
\BOOKMARK [2][-]{subsection.3.16}{3.16 Typesetting top matter}{section.3}% 38
\BOOKMARK [2][-]{subsection.3.17}{3.17 Headers and Footers}{section.3}% 39
\BOOKMARK [2][-]{subsection.3.18}{3.18 Sectioning}{section.3}% 40
\BOOKMARK [2][-]{subsection.3.19}{3.19 TOC lists}{section.3}% 41
\BOOKMARK [2][-]{subsection.3.20}{3.20 Theorems}{section.3}% 42
\BOOKMARK [2][-]{subsection.3.21}{3.21 Balancing columns}{section.3}% 43
\BOOKMARK [2][-]{subsection.3.22}{3.22 Acknowledgments}{section.3}% 44
\BOOKMARK [2][-]{subsection.3.23}{3.23 Conditional typesetting}{section.3}% 45
\BOOKMARK [2][-]{subsection.3.24}{3.24 Additional bibliography commands}{section.3}% 46
\BOOKMARK [2][-]{subsection.3.25}{3.25 Index}{section.3}% 47
\BOOKMARK [2][-]{subsection.3.26}{3.26 End of Class}{section.3}% 48
\BOOKMARK [1][-]{bib2.1}{References}{}% 49
\BOOKMARK [1][-]{glossary3.1}{Change History}{}% 50
\BOOKMARK [1][-]{index4.1}{Index}{}% 51
\BOOKMARK [2][-]{HD.Symbols.2}{Symbols}{index4.1}% 52
\BOOKMARK [2][-]{HD.A.2}{A}{index4.1}% 53
\BOOKMARK [2][-]{HD.B.2}{B}{index4.1}% 54
\BOOKMARK [2][-]{HD.C.2}{C}{index4.1}% 55
\BOOKMARK [2][-]{HD.D.2}{D}{index4.1}% 56
\BOOKMARK [2][-]{HD.E.2}{E}{index4.1}% 57
\BOOKMARK [2][-]{HD.F.2}{F}{index4.1}% 58
\BOOKMARK [2][-]{HD.G.2}{G}{index4.1}% 59
\BOOKMARK [2][-]{HD.H.2}{H}{index4.1}% 60
\BOOKMARK [2][-]{HD.I.2}{I}{index4.1}% 61
\BOOKMARK [2][-]{HD.J.2}{J}{index4.1}% 62
\BOOKMARK [2][-]{HD.K.2}{K}{index4.1}% 63
\BOOKMARK [2][-]{HD.L.2}{L}{index4.1}% 64
\BOOKMARK [2][-]{HD.M.2}{M}{index4.1}% 65
\BOOKMARK [2][-]{HD.N.2}{N}{index4.1}% 66
\BOOKMARK [2][-]{HD.O.2}{O}{index4.1}% 67
\BOOKMARK [2][-]{HD.P.2}{P}{index4.1}% 68
\BOOKMARK [2][-]{HD.Q.2}{Q}{index4.1}% 69
\BOOKMARK [2][-]{HD.R.2}{R}{index4.1}% 70
\BOOKMARK [2][-]{HD.S.2}{S}{index4.1}% 71
\BOOKMARK [2][-]{HD.T.2}{T}{index4.1}% 72
\BOOKMARK [2][-]{HD.U.2}{U}{index4.1}% 73
\BOOKMARK [2][-]{HD.V.2}{V}{index4.1}% 74
\BOOKMARK [2][-]{HD.W.2}{W}{index4.1}% 75
\BOOKMARK [2][-]{HD.X.2}{X}{index4.1}% 76
\BOOKMARK [2][-]{HD.Y.2}{Y}{index4.1}% 77
\BOOKMARK [2][-]{HD.Z.2}{Z}{index4.1}% 78
