This is pdfTeX, Version 3.14159265-2.6-1.40.16 (TeX Live 2015/Debian) (preloaded format=pdflatex 2021.5.10)  23 NOV 2021 01:24
entering extended mode
 restricted \write18 enabled.
 %&-line parsing enabled.
**samples.ins
(./samples.ins
LaTeX2e <2016/02/01>
Babel <3.9q> and hyphenation patterns for 3 language(s) loaded.
(/usr/share/texlive/texmf-dist/tex/latex/base/docstrip.tex
\blockLevel=\count79
\emptyLines=\count80
\processedLines=\count81
\commentsRemoved=\count82
\commentsPassed=\count83
\codeLinesPassed=\count84
\TotalprocessedLines=\count85
\TotalcommentsRemoved=\count86
\TotalcommentsPassed=\count87
\TotalcodeLinesPassed=\count88
\NumberOfFiles=\count89
\inFile=\read1
\inputcheck=\read2
\off@0=\count90
\off@1=\count91
\off@2=\count92
\off@3=\count93
\off@4=\count94
\off@5=\count95
\off@6=\count96
\off@7=\count97
\off@8=\count98
\off@9=\count99
\off@10=\count100
\off@11=\count101
\off@12=\count102
\off@13=\count103
\off@14=\count104
\off@15=\count105
\@maxfiles=\count106
\@maxoutfiles=\count107

Utility: `docstrip' 2.5e <2014/09/29>
English documentation    <2014/09/29>

**********************************************************
* This program converts documented macro-files into fast *
* loadable files by stripping off (nearly) all comments! *
**********************************************************

********************************************************
* No Configuration file found, using default settings. *
********************************************************

(./samples.ins

Generating file(s) ./sample-manuscript.tex ./sample-acmsmall.tex ./sample-acmsm
all-submission.tex ./sample-acmlarge.tex ./sample-acmtog.tex ./sample-sigconf.t
ex ./sample-authordraft.tex ./sample-xelatex.tex ./sample-lualatex.tex ./sample
-sigplan.tex ./sample-acmsmall-conf.tex 
\openout0 = `./sample-manuscript.tex'.

\openout1 = `./sample-acmsmall.tex'.

\openout2 = `./sample-acmsmall-submission.tex'.

\openout3 = `./sample-acmlarge.tex'.

\openout4 = `./sample-acmtog.tex'.

\openout5 = `./sample-sigconf.tex'.

\openout6 = `./sample-authordraft.tex'.

\openout7 = `./sample-xelatex.tex'.

\openout8 = `./sample-lualatex.tex'.

\openout9 = `./sample-sigplan.tex'.

\openout10 = `./sample-acmsmall-conf.tex'.


Processing file samples.dtx (manuscript) -> sample-manuscript.tex
                            (acmsmall) -> sample-acmsmall.tex
                            (acmsmall-submission) -> sample-acmsmall-submission
.tex
                            (acmlarge) -> sample-acmlarge.tex
                            (acmtog) -> sample-acmtog.tex
                            (sigconf) -> sample-sigconf.tex
                            (authordraft) -> sample-authordraft.tex
                            (sigconf) -> sample-xelatex.tex
                            (sigconf) -> sample-lualatex.tex
                            (sigplan) -> sample-sigplan.tex
                            (acmsmall-conf) -> sample-acmsmall-conf.tex

<*manuscript|acmsmall|acmsmall-submission|acmlarge|acmtog|sigconf|authordraft|s
igplan|sigchi|sigchi-a|acmsmall-conf <<< . . . . . . . . . > <manuscript . >
<acmsmall|acmsmall-conf . > <acmsmall-submission . > <acmlarge . > <acmtog . >
<sigconf . > <authordraft . > <sigplan . > <sigchi . > <sigchi-a . > . . . . .
% . . . . . >
<*manuscript|sigconf|authordraft|sigplan|sigchi|sigchi-a|acmsmall-conf . . . .
. . > . <*acmsmall|acmsmall-submission|acmlarge|acmtog
<acmsmall|acmsmall-submission . > <acmlarge . > <acmtog . > . . . . >
<*manuscript|acmsmall|acmsmall-submission|acmlarge|acmtog|sigconf|authordraft|s
igplan|sigchi|sigchi-a|acmsmall-conf . / . / <!acmtog . > <!acmtog . >
<!acmtog . > <acmtog . > . . . . . . . . . . . . . . . . . . . . . . . . . . .
. . . . . . . . . . . . . . . . . . . . . . . . . . . . . . . . . . . . . . .
. . . . . . . . . . . . . . . . . . . . . . . . . . . . . . . . . . . . . . .
. . . . . . . . . . . . . . . > <*sigconf|authordraft|sigplan|acmsmall-conf .
. . . . . . >
<*manuscript|acmsmall|acmsmall-submission|acmlarge|acmtog|sigconf|authordraft|s
igplan|sigchi|sigchi-a|acmsmall-conf . . . . . . . . . . . . . . . . . . . . .
. . . . . . . . . . . . . . . . . . . . . . . . . . . . . . . . . . . . . . .
. . . . . . . . . . . . . . . . . . . . . . <manuscript . >
<acmsmall|acmsmall-conf . > <acmsmall-submission . > <acmlarge . > <acmtog . >
<sigconf . > <authordraft . > <sigplan . > <sigchi . > <sigchi-a . > . . / . .
. . . . . . . . . . . . . . . . . . . . . . . . . . . . . . . . . . . . . . .
. . . . . . . . . . . . . . . . . . . . . . . . . . . . . . . . . . . . . . .
. . . . . . . . . . . . . . . . . . . . . . . . . . . . . . . . . . . . . . .
. . . . . . . . . . . . . . . . . . . . . . . . . . . . . . . <!sigchi-a . >
<sigchi-a . > . . . . . . . . . . . . <!sigchi-a . > <sigchi-a . > . . . . . .
. . . . . . . . . . . . . . . . . . . . . . . / . . . . . . . . . . . . . . .
. . . . . . . . . . . . . . . . . . . . . . . . . . . . . . . . . . . .
<!sigchi-a . > <sigchi-a . > . . . . . . <!sigchi-a . > <sigchi-a . > . . . .
. . . . . . . . . . . . . . . . . . . . . / . . . . . . . . . . . . . . . . .
. . . . . . . . . . . . . . . . . . . . . . . . . . . . . . . . . . . . . . .
. . . . . . . . . . . . . . . . . . . . . . . . . . . . . . . . . . . . . . .
. . . . . . . . . . . . . . . . . . . . . . . . . . . . . . . . . . . . . . .
. . . . . . . . . . . . . . . . . . . . . . . . . . >
Lines  processed: 789
Comments removed: 1
Comments  passed: 73
Codelines passed: 667

) ) ) 
Here is how much of TeX's memory you used:
 401 strings out of 494953
 4975 string characters out of 6180977
 56737 words of memory out of 5000000
 3768 multiletter control sequences out of 15000+600000
 3640 words of font info for 14 fonts, out of 8000000 for 9000
 14 hyphenation exceptions out of 8191
 17i,0n,15p,189b,218s stack positions out of 5000i,500n,10000p,200000b,80000s

No pages of output.
PDF statistics:
 0 PDF objects out of 1000 (max. 8388607)
 0 named destinations out of 1000 (max. 500000)
 1 words of extra memory for PDF output out of 10000 (max. 10000000)

